2018-05-07 14:43:43,283 [Worker-3] INFO  c.g.t.t.d.PublishedGradleVersions - Gradle version information cache is up-to-date. Trying to read.
2018-06-25 14:04:59,811 [Worker-3] INFO  c.g.t.t.d.PublishedGradleVersions - Gradle version information cache is up-to-date. Trying to read.
2018-06-25 14:07:17,840 [Worker-3] INFO  c.g.t.t.d.PublishedGradleVersions - Gradle version information cache is up-to-date. Trying to read.
2018-06-25 14:08:10,610 [Worker-3] INFO  c.g.t.t.d.PublishedGradleVersions - Gradle version information cache is up-to-date. Trying to read.
2018-06-25 14:09:29,857 [Worker-8] INFO  c.g.t.t.d.PublishedGradleVersions - Gradle version information cache is up-to-date. Trying to read.
2018-06-25 14:13:59,032 [Worker-3] INFO  o.e.m.c.i.l.LifecycleMappingFactory - Using org.eclipse.m2e.jdt.JarLifecycleMapping lifecycle mapping for MavenProject: com.vds.ibm:report-generator:1.0.0 @ C:\Users\IBM_ADMIN\report-generator\report-generator\pom.xml.
2018-06-25 14:14:01,143 [Worker-3] INFO  o.e.m.c.i.embedder.EclipseLogger - Using 'UTF-8' encoding to copy filtered resources.
2018-06-25 14:14:01,148 [Worker-3] INFO  o.e.m.c.i.embedder.EclipseLogger - Copying 1 resource
2018-06-25 14:14:01,163 [Worker-3] INFO  o.e.m.c.i.embedder.EclipseLogger - Copying 1 resource
2018-06-25 14:14:01,174 [Worker-3] INFO  o.e.m.c.i.embedder.EclipseLogger - Using 'UTF-8' encoding to copy filtered resources.
2018-06-25 14:14:01,174 [Worker-3] INFO  o.e.m.c.i.embedder.EclipseLogger - skip non existing resourceDirectory C:\Users\IBM_ADMIN\report-generator\report-generator\src\test\resources
2018-06-25 14:14:03,470 [Worker-14] INFO  o.e.m.c.i.embedder.EclipseLogger - Using 'UTF-8' encoding to copy filtered resources.
2018-06-25 14:14:03,475 [Worker-14] INFO  o.e.m.c.i.embedder.EclipseLogger - Copying 1 resource
2018-06-25 14:14:03,479 [Worker-14] INFO  o.e.m.c.i.embedder.EclipseLogger - Copying 1 resource
2018-06-25 14:14:03,487 [Worker-14] INFO  o.e.m.c.i.embedder.EclipseLogger - Using 'UTF-8' encoding to copy filtered resources.
2018-06-25 14:14:03,488 [Worker-14] INFO  o.e.m.c.i.embedder.EclipseLogger - skip non existing resourceDirectory C:\Users\IBM_ADMIN\report-generator\report-generator\src\test\resources
2018-06-25 14:14:44,396 [Worker-17] INFO  o.e.m.c.i.l.LifecycleMappingFactory - Using org.eclipse.m2e.jdt.JarLifecycleMapping lifecycle mapping for MavenProject: com.vds.ibm:report-generator:1.0.0 @ C:\Users\IBM_ADMIN\report-generator\report-generator\pom.xml.
2018-06-25 14:14:45,191 [Worker-17] INFO  o.e.m.c.i.embedder.EclipseLogger - Using 'UTF-8' encoding to copy filtered resources.
2018-06-25 14:14:45,197 [Worker-17] INFO  o.e.m.c.i.embedder.EclipseLogger - Copying 1 resource
2018-06-25 14:14:45,237 [Worker-17] INFO  o.e.m.c.i.embedder.EclipseLogger - Copying 1 resource
2018-06-25 14:14:45,244 [Worker-17] INFO  o.e.m.c.i.embedder.EclipseLogger - Using 'UTF-8' encoding to copy filtered resources.
2018-06-25 14:14:45,244 [Worker-17] INFO  o.e.m.c.i.embedder.EclipseLogger - skip non existing resourceDirectory C:\Users\IBM_ADMIN\report-generator\report-generator\src\test\resources
2018-06-25 14:15:14,473 [Worker-20] INFO  o.e.m.c.i.l.LifecycleMappingFactory - Using org.eclipse.m2e.jdt.JarLifecycleMapping lifecycle mapping for MavenProject: com.vds.ibm:report-generator:1.0.0 @ C:\Users\IBM_ADMIN\report-generator\report-generator\pom.xml.
2018-06-25 14:15:15,059 [Worker-20] INFO  o.e.m.c.i.embedder.EclipseLogger - Using 'UTF-8' encoding to copy filtered resources.
2018-06-25 14:15:15,065 [Worker-20] INFO  o.e.m.c.i.embedder.EclipseLogger - Copying 1 resource
2018-06-25 14:15:15,080 [Worker-20] INFO  o.e.m.c.i.embedder.EclipseLogger - Copying 1 resource
2018-06-25 14:15:15,083 [Worker-20] INFO  o.e.m.c.i.embedder.EclipseLogger - Using 'UTF-8' encoding to copy filtered resources.
2018-06-25 14:15:15,084 [Worker-20] INFO  o.e.m.c.i.embedder.EclipseLogger - skip non existing resourceDirectory C:\Users\IBM_ADMIN\report-generator\report-generator\src\test\resources
2018-06-25 14:55:19,016 [main] INFO  o.e.m2e.actions.ExecutePomAction - Creating new launch configuration
2018-06-25 14:56:55,836 [Worker-28] INFO  o.e.m.i.launch.MavenLaunchDelegate - C:\Users\IBM_ADMIN\report-generator\report-generator
2018-06-25 14:56:55,836 [Worker-28] INFO  o.e.m.i.launch.MavenLaunchDelegate -  mvn -B compile install
